<?xml version="1.0" encoding="UTF-8"?>
<!-- Generated by org.testng.reporters.JUnitReportReporter -->
<testsuite hostname="BOOK-PH2BQABLKF" failures="0" tests="5" name="com.qa.blogdoagi.tests.BlogDoAgiTest" time="64.605" errors="0" timestamp="2024-05-06T10:05:10 BRT" skipped="0">
  <testcase classname="com.qa.blogdoagi.tests.BlogDoAgiTest" name="validarPesquisa" time="2.916"/>
  <testcase classname="com.qa.blogdoagi.tests.BlogDoAgiTest" name="validarSubMenu" time="3.743"/>
  <testcase classname="com.qa.blogdoagi.tests.BlogDoAgiTest" name="validarInscricaoEmail" time="8.288"/>
  <testcase classname="com.qa.blogdoagi.tests.BlogDoAgiTest" name="validarPaginacao" time="45.455"/>
  <testcase classname="com.qa.blogdoagi.tests.BlogDoAgiTest" name="validarLinkDownloadAPP" time="4.203"/>
</testsuite> <!-- com.qa.blogdoagi.tests.BlogDoAgiTest -->
