<?xml version="1.0" encoding="UTF-8"?>
<!-- Generated by org.testng.reporters.JUnitReportReporter -->
<testsuite hostname="BOOK-PH2BQABLKF" failures="0" tests="5" name="com.qa.blogdoagi.tests.BlogDoAgiTest" time="43.518" errors="0" timestamp="2024-05-06T08:03:54 BRT" skipped="0">
  <testcase classname="com.qa.blogdoagi.tests.BlogDoAgiTest" name="validarPesquisa" time="9.327"/>
  <testcase classname="com.qa.blogdoagi.tests.BlogDoAgiTest" name="validarSubMenu" time="3.506"/>
  <testcase classname="com.qa.blogdoagi.tests.BlogDoAgiTest" name="validarInscricaoEmail" time="8.001"/>
  <testcase classname="com.qa.blogdoagi.tests.BlogDoAgiTest" name="validarPaginacao" time="18.330"/>
  <testcase classname="com.qa.blogdoagi.tests.BlogDoAgiTest" name="validarLinkDownloadAPP" time="4.354"/>
</testsuite> <!-- com.qa.blogdoagi.tests.BlogDoAgiTest -->
