<?xml version="1.0" encoding="UTF-8"?>
<!-- Generated by org.testng.reporters.JUnitReportReporter -->
<testsuite hostname="BOOK-PH2BQABLKF" failures="0" tests="1" name="com.qa.blogdoagi.tests.BlogDoAgiTest" time="11.248" errors="0" timestamp="2024-05-05T20:54:29 BRT" skipped="0">
  <testcase classname="com.qa.blogdoagi.tests.BlogDoAgiTest" name="validarPesquisa" time="11.248"/>
</testsuite> <!-- com.qa.blogdoagi.tests.BlogDoAgiTest -->
