<?xml version="1.0" encoding="UTF-8"?>
<!-- Generated by org.testng.reporters.JUnitReportReporter -->
<testsuite hostname="BOOK-PH2BQABLKF" failures="0" tests="1" name="com.qa.blogdoagi.tests.BlogDoAgiTest" time="21.611" errors="0" timestamp="2024-05-06T14:53:34 BRT" skipped="0">
  <testcase classname="com.qa.blogdoagi.tests.BlogDoAgiTest" name="validarSubMenu" time="21.611"/>
</testsuite> <!-- com.qa.blogdoagi.tests.BlogDoAgiTest -->
