<?xml version="1.0" encoding="UTF-8"?>
<!-- Generated by org.testng.reporters.JUnitReportReporter -->
<testsuite hostname="BOOK-PH2BQABLKF" failures="0" tests="1" name="com.qa.blogdoagi.tests.BlogDoAgiTest" time="41.868" errors="0" timestamp="2024-05-06T10:06:18 BRT" skipped="0">
  <testcase classname="com.qa.blogdoagi.tests.BlogDoAgiTest" name="validarPesquisa" time="41.868"/>
</testsuite> <!-- com.qa.blogdoagi.tests.BlogDoAgiTest -->
