<?xml version="1.0" encoding="UTF-8"?>
<testsuite xmlns:xsi="http://www.w3.org/2001/XMLSchema-instance" xsi:noNamespaceSchemaLocation="https://maven.apache.org/surefire/maven-surefire-plugin/xsd/surefire-test-report-3.0.xsd" version="3.0" name="TestSuite" time="65.555" tests="5" errors="0" skipped="0" failures="0">
  <properties>
    <property name="sun.desktop" value="windows"/>
    <property name="awt.toolkit" value="sun.awt.windows.WToolkit"/>
    <property name="java.specification.version" value="11"/>
    <property name="sun.cpu.isalist" value="amd64"/>
    <property name="sun.jnu.encoding" value="Cp1252"/>
    <property name="java.class.path" value="C:\Users\jhona\git\desafioAutomacao\DesafioAutomacao\target\test-classes;C:\Users\jhona\git\desafioAutomacao\DesafioAutomacao\target\classes;C:\Users\jhona\.m2\repository\com\microsoft\playwright\playwright\1.43.0\playwright-1.43.0.jar;C:\Users\jhona\.m2\repository\com\google\code\gson\gson\2.10.1\gson-2.10.1.jar;C:\Users\jhona\.m2\repository\org\opentest4j\opentest4j\1.3.0\opentest4j-1.3.0.jar;C:\Users\jhona\.m2\repository\com\microsoft\playwright\driver\1.43.0\driver-1.43.0.jar;C:\Users\jhona\.m2\repository\com\microsoft\playwright\driver-bundle\1.43.0\driver-bundle-1.43.0.jar;C:\Users\jhona\.m2\repository\org\testng\testng\7.10.2\testng-7.10.2.jar;C:\Users\jhona\.m2\repository\org\slf4j\slf4j-api\1.7.36\slf4j-api-1.7.36.jar;C:\Users\jhona\.m2\repository\com\beust\jcommander\1.82\jcommander-1.82.jar;C:\Users\jhona\.m2\repository\org\webjars\jquery\3.7.1\jquery-3.7.1.jar;C:\Users\jhona\.m2\repository\org\apache\logging\log4j\log4j-slf4j-impl\2.23.1\log4j-slf4j-impl-2.23.1.jar;C:\Users\jhona\.m2\repository\org\apache\logging\log4j\log4j-api\2.23.1\log4j-api-2.23.1.jar;C:\Users\jhona\.m2\repository\org\apache\logging\log4j\log4j-core\2.23.1\log4j-core-2.23.1.jar;"/>
    <property name="java.vm.vendor" value="Oracle Corporation"/>
    <property name="sun.arch.data.model" value="64"/>
    <property name="user.variant" value=""/>
    <property name="java.vendor.url" value="https://openjdk.java.net/"/>
    <property name="user.timezone" value="America/Sao_Paulo"/>
    <property name="java.vm.specification.version" value="11"/>
    <property name="os.name" value="Windows 11"/>
    <property name="sun.java.launcher" value="SUN_STANDARD"/>
    <property name="user.country" value="BR"/>
    <property name="sun.boot.library.path" value="C:\Program Files\Java\jdk-11\bin"/>
    <property name="sun.java.command" value="C:\Users\jhona\AppData\Local\Temp\surefire9743458759165413230\surefirebooter-20240506100403900_3.jar C:\Users\jhona\AppData\Local\Temp\surefire9743458759165413230 2024-05-06T10-04-03_692-jvmRun1 surefire-20240506100403900_1tmp surefire_0-20240506100403900_2tmp"/>
    <property name="jdk.debug" value="release"/>
    <property name="surefire.test.class.path" value="C:\Users\jhona\git\desafioAutomacao\DesafioAutomacao\target\test-classes;C:\Users\jhona\git\desafioAutomacao\DesafioAutomacao\target\classes;C:\Users\jhona\.m2\repository\com\microsoft\playwright\playwright\1.43.0\playwright-1.43.0.jar;C:\Users\jhona\.m2\repository\com\google\code\gson\gson\2.10.1\gson-2.10.1.jar;C:\Users\jhona\.m2\repository\org\opentest4j\opentest4j\1.3.0\opentest4j-1.3.0.jar;C:\Users\jhona\.m2\repository\com\microsoft\playwright\driver\1.43.0\driver-1.43.0.jar;C:\Users\jhona\.m2\repository\com\microsoft\playwright\driver-bundle\1.43.0\driver-bundle-1.43.0.jar;C:\Users\jhona\.m2\repository\org\testng\testng\7.10.2\testng-7.10.2.jar;C:\Users\jhona\.m2\repository\org\slf4j\slf4j-api\1.7.36\slf4j-api-1.7.36.jar;C:\Users\jhona\.m2\repository\com\beust\jcommander\1.82\jcommander-1.82.jar;C:\Users\jhona\.m2\repository\org\webjars\jquery\3.7.1\jquery-3.7.1.jar;C:\Users\jhona\.m2\repository\org\apache\logging\log4j\log4j-slf4j-impl\2.23.1\log4j-slf4j-impl-2.23.1.jar;C:\Users\jhona\.m2\repository\org\apache\logging\log4j\log4j-api\2.23.1\log4j-api-2.23.1.jar;C:\Users\jhona\.m2\repository\org\apache\logging\log4j\log4j-core\2.23.1\log4j-core-2.23.1.jar;"/>
    <property name="sun.cpu.endian" value="little"/>
    <property name="user.home" value="C:\Users\jhona"/>
    <property name="user.language" value="pt"/>
    <property name="java.specification.vendor" value="Oracle Corporation"/>
    <property name="java.version.date" value="2024-04-16"/>
    <property name="java.home" value="C:\Program Files\Java\jdk-11"/>
    <property name="file.separator" value="\"/>
    <property name="style.color" value="always"/>
    <property name="basedir" value="C:\Users\jhona\git\desafioAutomacao\DesafioAutomacao"/>
    <property name="java.vm.compressedOopsMode" value="Zero based"/>
    <property name="line.separator" value="&#10;"/>
    <property name="java.specification.name" value="Java Platform API Specification"/>
    <property name="java.vm.specification.vendor" value="Oracle Corporation"/>
    <property name="java.awt.graphicsenv" value="sun.awt.Win32GraphicsEnvironment"/>
    <property name="surefire.real.class.path" value="C:\Users\jhona\AppData\Local\Temp\surefire9743458759165413230\surefirebooter-20240506100403900_3.jar"/>
    <property name="user.script" value=""/>
    <property name="sun.management.compiler" value="HotSpot 64-Bit Tiered Compilers"/>
    <property name="java.runtime.version" value="11.0.23+7-LTS-222"/>
    <property name="user.name" value="jhona"/>
    <property name="path.separator" value=";"/>
    <property name="os.version" value="10.0"/>
    <property name="java.runtime.name" value="Java(TM) SE Runtime Environment"/>
    <property name="file.encoding" value="Cp1252"/>
    <property name="java.vm.name" value="Java HotSpot(TM) 64-Bit Server VM"/>
    <property name="java.vendor.version" value="18.9"/>
    <property name="localRepository" value="C:\Users\jhona\.m2\repository"/>
    <property name="java.vendor.url.bug" value="https://bugreport.java.com/bugreport/"/>
    <property name="java.io.tmpdir" value="C:\Users\jhona\AppData\Local\Temp\"/>
    <property name="java.version" value="11.0.23"/>
    <property name="user.dir" value="C:\Users\jhona\git\desafioAutomacao\DesafioAutomacao"/>
    <property name="os.arch" value="amd64"/>
    <property name="java.vm.specification.name" value="Java Virtual Machine Specification"/>
    <property name="java.awt.printerjob" value="sun.awt.windows.WPrinterJob"/>
    <property name="sun.os.patch.level" value=""/>
    <property name="java.library.path" value="C:\Program Files\Java\jdk-11\bin;C:\windows\Sun\Java\bin;C:\windows\system32;C:\windows;C:/Users/jhona/.p2/pool/plugins/org.eclipse.justj.openjdk.hotspot.jre.full.win32.x86_64_17.0.10.v20240120-1143/jre/bin/server;C:/Users/jhona/.p2/pool/plugins/org.eclipse.justj.openjdk.hotspot.jre.full.win32.x86_64_17.0.10.v20240120-1143/jre/bin;C:\Program Files\Common Files\Oracle\Java\javapath;C:\Program Files (x86)\Common Files\Oracle\Java\java8path;C:\Program Files (x86)\Common Files\Oracle\Java\javapath;C:\windows\system32;C:\windows;C:\windows\System32\Wbem;C:\windows\System32\WindowsPowerShell\v1.0\;C:\windows\System32\OpenSSH\;C:\Program Files\Git\cmd;C:\Program Files\dotnet\;C:\Program Files\Java\jdk-11\bin;C:\apache-maven-3.9.6-bin\apache-maven-3.9.6\bin;C:\Program Files\MySQL\MySQL Shell 8.0\bin\;C:\Users\jhona\AppData\Local\Microsoft\WindowsApps;C:\Users\jhona\AppData\Local\Programs\Microsoft VS Code\bin;C:\Users\jhona\.dotnet\tools;C:\Program Files\JetBrains\IntelliJ IDEA Community Edition 2024.1\bin;;C:\windows\system32;;."/>
    <property name="java.vendor" value="Oracle Corporation"/>
    <property name="java.vm.info" value="mixed mode"/>
    <property name="java.vm.version" value="11.0.23+7-LTS-222"/>
    <property name="java.specification.maintenance.version" value="2"/>
    <property name="sun.io.unicode.encoding" value="UnicodeLittle"/>
    <property name="java.class.version" value="55.0"/>
  </properties>
  <testcase name="validarPesquisa" classname="com.qa.blogdoagi.tests.BlogDoAgiTest" time="0.968"/>
  <testcase name="validarSubMenu" classname="com.qa.blogdoagi.tests.BlogDoAgiTest" time="1.654"/>
  <testcase name="validarInscricaoEmail" classname="com.qa.blogdoagi.tests.BlogDoAgiTest" time="5.932"/>
  <testcase name="validarPaginacao" classname="com.qa.blogdoagi.tests.BlogDoAgiTest" time="6.253"/>
  <testcase name="validarLinkDownloadAPP" classname="com.qa.blogdoagi.tests.BlogDoAgiTest" time="1.805"/>
</testsuite>